INFO:root:20210406_183529 : SUCCESS : Moved : S:\SandeepG\Official\DataScience\Data\duplicateFileFinder\source\folder 01\rose - Copy.jpg | S:\SandeepG\Official\DataScience\Data\duplicateFileFinder\duplicates\rose - Copy - 1.jpg
INFO:root:20210406_183529 : SUCCESS : Moved : S:\SandeepG\Official\DataScience\Data\duplicateFileFinder\source\folder 02\mogra - 1 - 2 - Copy.jpg | S:\SandeepG\Official\DataScience\Data\duplicateFileFinder\duplicates\mogra - 1 - 2 - Copy - 1.jpg
INFO:root:20210406_183822 : SUCCESS : Moved : S:\SandeepG\Official\DataScience\Data\duplicateFileFinder\source\folder 01\mogra - 1 - 2 - Copy.jpg | S:\SandeepG\Official\DataScience\Data\duplicateFileFinder\duplicates\mogra - 1 - 2 - Copy - 1.jpg
INFO:root:20210406_183822 : SUCCESS : Moved : S:\SandeepG\Official\DataScience\Data\duplicateFileFinder\source\folder 01\rose - Copy.jpg | S:\SandeepG\Official\DataScience\Data\duplicateFileFinder\duplicates\rose - Copy - 1.jpg
INFO:root:20210406_183822 : SUCCESS : Moved : S:\SandeepG\Official\DataScience\Data\duplicateFileFinder\source\folder 01\sunflower - 1.jpg | S:\SandeepG\Official\DataScience\Data\duplicateFileFinder\duplicates\sunflower - 1 - 1.jpg
INFO:root:20210406_183822 : SUCCESS : Moved : S:\SandeepG\Official\DataScience\Data\duplicateFileFinder\source\folder 02\mogra - 1 - 2 - Copy.jpg | S:\SandeepG\Official\DataScience\Data\duplicateFileFinder\duplicates\mogra - 1 - 2 - Copy - 2.jpg
INFO:root:20210406_183822 : SUCCESS : Moved : S:\SandeepG\Official\DataScience\Data\duplicateFileFinder\source\folder 02\rose - Copy.jpg | S:\SandeepG\Official\DataScience\Data\duplicateFileFinder\duplicates\rose - Copy - 2.jpg
INFO:root:20210406_184215 ******* Duplicate Removal Execution Start  ******* 
INFO:root:20210406_184215 : SUCCESS : Moved : S:\SandeepG\Official\DataScience\Data\duplicateFileFinder\source\folder 01\mogra - 1 - 2 - Copy.jpg | S:\SandeepG\Official\DataScience\Data\duplicateFileFinder\duplicates\mogra - 1 - 2 - Copy - 3.jpg
INFO:root:20210406_184215 : SUCCESS : Moved : S:\SandeepG\Official\DataScience\Data\duplicateFileFinder\source\folder 01\rose - Copy.jpg | S:\SandeepG\Official\DataScience\Data\duplicateFileFinder\duplicates\rose - Copy - 3.jpg
INFO:root:20210406_184215 : SUCCESS : Moved : S:\SandeepG\Official\DataScience\Data\duplicateFileFinder\source\folder 01\sunflower - 1.jpg | S:\SandeepG\Official\DataScience\Data\duplicateFileFinder\duplicates\sunflower - 1 - 2.jpg
INFO:root:20210406_184215 : SUCCESS : Moved : S:\SandeepG\Official\DataScience\Data\duplicateFileFinder\source\folder 02\mogra - 1 - 2 - Copy.jpg | S:\SandeepG\Official\DataScience\Data\duplicateFileFinder\duplicates\mogra - 1 - 2 - Copy - 4.jpg
INFO:root:20210406_184215 : SUCCESS : Moved : S:\SandeepG\Official\DataScience\Data\duplicateFileFinder\source\folder 02\rose - Copy.jpg | S:\SandeepG\Official\DataScience\Data\duplicateFileFinder\duplicates\rose - Copy - 4.jpg
INFO:root:20210406_184334 ******* Duplicate Removal Execution Start  ******* 
INFO:root:20210406_184334 : SUCCESS : Moved : S:\SandeepG\Official\DataScience\Data\duplicateFileFinder\source\folder 02\mogra - 1 - 2 - Copy.jpg | S:\SandeepG\Official\DataScience\Data\duplicateFileFinder\duplicates\mogra - 1 - 2 - Copy - 5.jpg
INFO:root:20210406_184443 ******* Program Start  ******* 
INFO:root:20210406_184516 : SUCCESS : Moved : S:\SandeepG\Official\DataScience\Data\duplicateFileFinder\source\folder 01\mogra - 1 - 2 - Copy.jpg | S:\SandeepG\Official\DataScience\Data\duplicateFileFinder\duplicates\mogra - 1 - 2 - Copy - 6.jpg
INFO:root:20210406_184657 ******* Program End  ******* 
INFO:root:


20210406_184728 ******* Program Start  ******* 
INFO:root:


20210406_185310 ******* Program Start  ******* 
INFO:root:20210406_185316 : SUCCESS : Moved : S:\SandeepG\Official\DataScience\Data\duplicateFileFinder\source\folder 02\FYUY8019.MP4 | S:\SandeepG\Official\DataScience\Data\duplicateFileFinder\duplicates\FYUY8019 - 1.MP4
INFO:root:20210406_185451 ******* Program End  ******* 
INFO:root:20210406_185521 : SUCCESS : Moved : S:\SandeepG\Official\DataScience\Data\duplicateFileFinder\source\folder 02\IMG_1066.MOV | S:\SandeepG\Official\DataScience\Data\duplicateFileFinder\duplicates\IMG_1066 - 1.MOV
INFO:root:20210406_185523 ******* Program End  ******* 
