INFO:root:file_path,filehash
INFO:root:S:\SandeepG\Official\DataScience\Data\duplicateFileFinder\mogra - Copy (2).jpg,be84ddeea613252f29ddac1758a649e8
INFO:root:S:\SandeepG\Official\DataScience\Data\duplicateFileFinder\mogra - Copy.jpg,be84ddeea613252f29ddac1758a649e8
INFO:root:S:\SandeepG\Official\DataScience\Data\duplicateFileFinder\mogra.jpg,be84ddeea613252f29ddac1758a649e8
INFO:root:S:\SandeepG\Official\DataScience\Data\duplicateFileFinder\my-directory-list.txt,d41d8cd98f00b204e9800998ecf8427e
INFO:root:S:\SandeepG\Official\DataScience\Data\duplicateFileFinder\duplicates\my-directory-list.txt,d41d8cd98f00b204e9800998ecf8427e
INFO:root:S:\SandeepG\Official\DataScience\Data\duplicateFileFinder\folder 01\mogra - Copy.jpg,be84ddeea613252f29ddac1758a649e8
INFO:root:S:\SandeepG\Official\DataScience\Data\duplicateFileFinder\folder 01\mogra.jpg,be84ddeea613252f29ddac1758a649e8
INFO:root:S:\SandeepG\Official\DataScience\Data\duplicateFileFinder\folder 01\my-directory-list.txt,d41d8cd98f00b204e9800998ecf8427e
INFO:root:S:\SandeepG\Official\DataScience\Data\duplicateFileFinder\folder 01\rose.jpg,742e5c0b00880f079d30d9e3e08fff67
INFO:root:S:\SandeepG\Official\DataScience\Data\duplicateFileFinder\folder 01\sunflower.jpg,0aec550952805e4d25e109a67187d782
INFO:root:S:\SandeepG\Official\DataScience\Data\duplicateFileFinder\folder 02\my-directory-list.txt,d41d8cd98f00b204e9800998ecf8427e
INFO:root:S:\SandeepG\Official\DataScience\Data\duplicateFileFinder\logs\20210402_094653.log,d41d8cd98f00b204e9800998ecf8427e
INFO:root:S:\SandeepG\Official\DataScience\Data\duplicateFileFinder\logs\20210402_110513.log,7b79e3d807ebe599903ca6b86e2bb753
INFO:root:S:\SandeepG\Official\DataScience\Data\duplicateFileFinder\logs\my-directory-list.txt,d41d8cd98f00b204e9800998ecf8427e
INFO:root:S:\SandeepG\Official\DataScience\Data\duplicateFileFinder\logs\Test Cases.xlsx,9bc0e64f043c39ec056d43bf9302107c
INFO:root:file_path,filehash
INFO:root:file_path,filehash
INFO:root:file_path,filehash
INFO:root:file_path,filehash
INFO:root:file_path,filehash
INFO:root:file_path,filehash
INFO:root:file_path,filehash
INFO:root:file_path,filehash
INFO:root:file_path,filehash
INFO:root:file_path,filehash
INFO:root:file_path,filehash
INFO:root:file_path,filehash
INFO:root:file_path,filehash
INFO:root:file_path,filehash
INFO:root:file_path,filehash
INFO:root:file_path,filehash
INFO:root:file_path,filehash
INFO:root:file_path,filehash
INFO:root:file_path,filehash
